INFO [2025-10-15 12:45:52,590] Testing for main functionality: agg agt aag ccc ttg caa ctg gaa ata cac cca ttg
INFO [2025-10-15 12:45:52,591] testing for incomplete inputs agg agt aag ccc ttg caa ctg gaa ata cac cca tt
INFO [2025-10-15 12:45:52,592] testing for different size inputs aggag taagc ccttg caact ggaaa tacac ccatt g
INFO [2025-10-15 12:45:52,593] Testing with invalid block size parameter, with a type that is not an int should raise type error
INFO [2025-10-15 13:03:09,910] Testing for main functionality: agg agt aag ccc ttg caa ctg gaa ata cac cca ttg
INFO [2025-10-15 13:03:09,911] testing for incomplete inputs agg agt aag ccc ttg caa ctg gaa ata cac cca tt
INFO [2025-10-15 13:03:09,912] testing for different size inputs aggag taagc ccttg caact ggaaa tacac ccatt g
INFO [2025-10-15 13:03:09,912] Testing with invalid block size parameter, with a type that is not an int should raise type error
INFO [2025-10-15 13:04:21,471] Testing for main functionality: agg agt aag ccc ttg caa ctg gaa ata cac cca ttg
INFO [2025-10-15 13:04:21,472] testing for incomplete inputs agg agt aag ccc ttg caa ctg gaa ata cac cca tt
INFO [2025-10-15 13:04:21,473] testing for different size inputs aggag taagc ccttg caact ggaaa tacac ccatt g
INFO [2025-10-15 13:04:21,474] Testing with invalid block size parameter, with a type that is not an int should raise type error
INFO [2025-10-15 13:07:56,085] Testing for main functionality: agg agt aag ccc ttg caa ctg gaa ata cac cca ttg
INFO [2025-10-15 13:07:56,086] testing for incomplete inputs agg agt aag ccc ttg caa ctg gaa ata cac cca tt
INFO [2025-10-15 13:07:56,087] testing for different size inputs aggag taagc ccttg caact ggaaa tacac ccatt g
INFO [2025-10-15 13:07:56,087] Testing with invalid block size parameter, with a type that is not an int should raise type error
INFO [2025-10-15 15:12:59,814] testing for main functionality of GCP: 43
INFO [2025-10-15 15:12:59,815] Testing with invalid type
INFO [2025-10-15 15:14:20,585] testing for main functionality of GCP: 43
INFO [2025-10-15 15:14:20,586] Testing with invalid type
INFO [2025-10-15 15:15:02,372] testing for main functionality of GCP: 43
INFO [2025-10-15 15:15:02,373] Testing with invalid type
INFO [2025-10-15 15:16:56,126] testing for main functionality of GCP: 43
INFO [2025-10-15 15:16:56,127] Testing with invalid type
INFO [2025-10-15 15:38:09,581] Testing for main functionality: (['agg', 'agt', 'aag', 'ccc', 'ttg', 'caa', 'ctg', 'gaa', 'ata', 'cac', 'cca', 'ttg'], 'agg agt aag ccc ttg caa ctg gaa ata cac cca ttg')
INFO [2025-10-15 15:38:09,590] testing for incomplete inputs (['agg', 'agt', 'aag', 'ccc', 'ttg', 'caa', 'ctg', 'gaa', 'ata', 'cac', 'cca', 'tt'], 'agg agt aag ccc ttg caa ctg gaa ata cac cca tt')
INFO [2025-10-15 15:38:09,593] testing for different size inputs (['aggag', 'taagc', 'ccttg', 'caact', 'ggaaa', 'tacac', 'ccatt', 'g'], 'aggag taagc ccttg caact ggaaa tacac ccatt g')
INFO [2025-10-15 15:38:09,594] Testing with invalid block size parameter, with a type that is not an int should raise type error
ERROR [2025-10-15 15:38:09,595] DNA gapping has failed with exception: {}.format(e)
INFO [2025-10-15 16:23:31,789] Testing for main functionality: agg agt aag ccc ttg caa ctg gaa ata cac cca ttg
INFO [2025-10-15 16:23:31,790] testing for incomplete inputs agg agt aag ccc ttg caa ctg gaa ata cac cca tt
INFO [2025-10-15 16:23:31,791] testing for different size inputs aggag taagc ccttg caact ggaaa tacac ccatt g
INFO [2025-10-15 16:23:31,792] Testing with invalid block size parameter, with a type that is not an int should raise type error
ERROR [2025-10-15 16:23:31,792] DNA gapping has failed with exception: block size must be an integer
ERROR [2025-10-15 16:23:31,793] Formatting DNA failed: can only join an iterable
INFO [2025-10-15 16:23:31,806] Testing list construction {result}
INFO [2025-10-15 16:24:17,533] Testing for main functionality: agg agt aag ccc ttg caa ctg gaa ata cac cca ttg
INFO [2025-10-15 16:24:17,534] testing for incomplete inputs agg agt aag ccc ttg caa ctg gaa ata cac cca tt
INFO [2025-10-15 16:24:17,535] testing for different size inputs aggag taagc ccttg caact ggaaa tacac ccatt g
INFO [2025-10-15 16:24:17,535] Testing with invalid block size parameter, with a type that is not an int should raise type error
ERROR [2025-10-15 16:24:17,535] DNA gapping has failed with exception: block size must be an integer
INFO [2025-10-15 16:24:17,545] Testing list construction {result}
INFO [2025-10-15 16:25:26,811] Testing for main functionality: agg agt aag ccc ttg caa ctg gaa ata cac cca ttg
INFO [2025-10-15 16:25:26,813] testing for incomplete inputs agg agt aag ccc ttg caa ctg gaa ata cac cca tt
INFO [2025-10-15 16:25:26,813] testing for different size inputs aggag taagc ccttg caact ggaaa tacac ccatt g
INFO [2025-10-15 16:25:26,814] Testing with invalid block size parameter, with a type that is not an int should raise type error
ERROR [2025-10-15 16:25:26,814] DNA gapping has failed with exception: block size must be an integer
INFO [2025-10-15 16:25:26,825] Testing list construction {result}
INFO [2025-10-15 16:27:04,213] Testing for main functionality: agg agt aag ccc ttg caa ctg gaa ata cac cca ttg
INFO [2025-10-15 16:27:04,214] testing for incomplete inputs agg agt aag ccc ttg caa ctg gaa ata cac cca tt
INFO [2025-10-15 16:27:04,215] testing for different size inputs aggag taagc ccttg caact ggaaa tacac ccatt g
INFO [2025-10-15 16:27:04,216] Testing with invalid block size parameter, with a type that is not an int should raise type error
ERROR [2025-10-15 16:27:04,217] DNA gapping has failed with exception: block size must be an integer
INFO [2025-10-15 16:27:04,217] Testing list construction {result}
INFO [2025-10-15 16:27:54,720] Testing for main functionality: agg agt aag ccc ttg caa ctg gaa ata cac cca ttg
INFO [2025-10-15 16:27:54,721] testing for incomplete inputs agg agt aag ccc ttg caa ctg gaa ata cac cca tt
INFO [2025-10-15 16:27:54,722] testing for different size inputs aggag taagc ccttg caact ggaaa tacac ccatt g
INFO [2025-10-15 16:27:54,723] Testing with invalid block size parameter, with a type that is not an int should raise type error
ERROR [2025-10-15 16:27:54,723] DNA gapping has failed with exception: block size must be an integer
INFO [2025-10-15 16:27:54,723] Testing list construction ['agg', 'agt', 'aag', 'ccc', 'ttg', 'caa', 'ctg', 'gaa', 'ata', 'cac', 'cca', 'ttg']
INFO [2025-10-15 16:30:44,933] Testing for main functionality: agg agt aag ccc ttg caa ctg gaa ata cac cca ttg
INFO [2025-10-15 16:30:44,935] testing for incomplete inputs agg agt aag ccc ttg caa ctg gaa ata cac cca tt
INFO [2025-10-15 16:30:44,935] testing for different size inputs aggag taagc ccttg caact ggaaa tacac ccatt g
INFO [2025-10-15 16:30:44,936] Testing with invalid block size parameter, with a type that is not an int should raise type error
ERROR [2025-10-15 16:30:44,936] DNA gapping has failed with exception: block size must be an integer
INFO [2025-10-15 16:30:44,936] Testing list construction ['agg', 'agt', 'aag', 'ccc', 'ttg', 'caa', 'ctg', 'gaa', 'ata', 'cac', 'cca', 'ttg']
INFO [2025-10-15 16:30:44,937] Testing upper case list construction ['AGG', 'AGT', 'AAG', 'CCC', 'TTG', 'CAA', 'CTG', 'GAA', 'ATA', 'CAC', 'CCA', 'TTG']
WARNING [2025-10-15 17:01:56,326] Unknown codon: AGG
ERROR [2025-10-15 17:01:56,326] Protein Extraction failed: No active exception to reraise
INFO [2025-10-15 17:08:49,086] testing for extracting proteins from split dna function ['R', 'S', 'K', 'P', 'L', 'Q', 'L', 'E', 'I', 'H', 'P', 'L']
